<?xml version="1.0" encoding="UTF-8"?>
<!-- Generated by org.testng.reporters.JUnitReportReporter -->
<testsuite hostname="LAPTOP-K6DCR1DD" name="com.jbk.NewTest" tests="1" failures="0" timestamp="14 Apr 2019 05:56:02 GMT" time="0.010" errors="0">
  <testcase name="f" time="0.010" classname="com.jbk.NewTest"/>
</testsuite> <!-- com.jbk.NewTest -->
