<?xml version="1.0" encoding="UTF-8"?>
<!-- Generated by org.testng.reporters.JUnitReportReporter -->
<testsuite hostname="LAPTOP-K6DCR1DD" name="com.Naukari.qa.Tests.HomePageTestCases" tests="1" failures="0" timestamp="13 May 2019 07:57:29 GMT" time="71.072" errors="0">
  <testcase name="TestSearch" time="71.072" classname="com.Naukari.qa.Tests.HomePageTestCases"/>
</testsuite> <!-- com.Naukari.qa.Tests.HomePageTestCases -->
