<?xml version="1.0" encoding="UTF-8"?>
<!-- Generated by org.testng.reporters.JUnitReportReporter -->
<testsuite hostname="LAPTOP-K6DCR1DD" name="com.jbk.qa.Tests.HomePageTestCases" tests="20" failures="0" timestamp="24 Apr 2019 05:53:08 GMT" time="3.314" errors="0">
  <testcase name="ValidateOfficeEnquiry" time="0.032" classname="com.jbk.qa.Tests.HomePageTestCases"/>
  <testcase name="ValidateLiveVideosButton" time="2.338" classname="com.jbk.qa.Tests.HomePageTestCases"/>
  <testcase name="ValidateVideosLink" time="0.054" classname="com.jbk.qa.Tests.HomePageTestCases"/>
  <testcase name="ValidateContactLink" time="0.052" classname="com.jbk.qa.Tests.HomePageTestCases"/>
  <testcase name="ValidateHomeLink" time="0.055" classname="com.jbk.qa.Tests.HomePageTestCases"/>
  <testcase name="ValidateWhatsAppNumber" time="0.039" classname="com.jbk.qa.Tests.HomePageTestCases"/>
  <testcase name="ValidateInterviewQuestionsLink" time="0.049" classname="com.jbk.qa.Tests.HomePageTestCases"/>
  <testcase name="ValidateTutorialsLink" time="0.057" classname="com.jbk.qa.Tests.HomePageTestCases"/>
  <testcase name="ValidateTagLine" time="0.031" classname="com.jbk.qa.Tests.HomePageTestCases"/>
  <testcase name="ValidateJbkLogo" time="0.048" classname="com.jbk.qa.Tests.HomePageTestCases"/>
  <testcase name="ValidateSeleniumTestingLink" time="0.055" classname="com.jbk.qa.Tests.HomePageTestCases"/>
  <testcase name="ValidateLoginPageTitle" time="0.015" classname="com.jbk.qa.Tests.HomePageTestCases"/>
  <testcase name="ValidateJavaSyllabusLink" time="0.064" classname="com.jbk.qa.Tests.HomePageTestCases"/>
  <testcase name="ValidateOldStudentFeedbackLink" time="0.065" classname="com.jbk.qa.Tests.HomePageTestCases"/>
  <testcase name="ValidateCareersLink" time="0.066" classname="com.jbk.qa.Tests.HomePageTestCases"/>
  <testcase name="ValidateAboutSirLink" time="0.065" classname="com.jbk.qa.Tests.HomePageTestCases"/>
  <testcase name="ValidateServicesLink" time="0.059" classname="com.jbk.qa.Tests.HomePageTestCases"/>
  <testcase name="ValidateMyBookLink" time="0.067" classname="com.jbk.qa.Tests.HomePageTestCases"/>
  <testcase name="ValidateClassRoomExamplesLink" time="0.051" classname="com.jbk.qa.Tests.HomePageTestCases"/>
  <testcase name="ValidateCorporateTrainingLink" time="0.052" classname="com.jbk.qa.Tests.HomePageTestCases"/>
</testsuite> <!-- com.jbk.qa.Tests.HomePageTestCases -->
